<?xml version="1.0" encoding="UTF-8"?>
<!-- Generated by org.testng.reporters.JUnitReportReporter -->
<testsuite hostname="MSI" failures="0" tests="1" name="com.qa.rest.test.GetTest" time="2.359" errors="0" timestamp="2020-08-07T20:00:28 IST" skipped="0">
  <testcase classname="com.qa.rest.test.GetTest" name="testNumberOfCircuitsFor2017Season" time="2.359"/>
  <system-out/>
</testsuite> <!-- com.qa.rest.test.GetTest -->
